<?xml version="1.0" encoding="UTF-8"?>
<testng-results skipped="0" failed="0" ignored="0" total="0" passed="0">
  <reporter-output>
  </reporter-output>
  <suite name="Surefire suite" duration-ms="23229" started-at="2019-07-15T15:09:20Z" finished-at="2019-07-15T15:09:43Z">
    <groups>
    </groups>
    <test name="Surefire test" duration-ms="23229" started-at="2019-07-15T15:09:20Z" finished-at="2019-07-15T15:09:43Z">
    </test> <!-- Surefire test -->
  </suite> <!-- Surefire suite -->
</testng-results>
